<?xml version="1.0" encoding="UTF-8"?>
<!-- Generated by org.testng.reporters.JUnitReportReporter -->
<testsuite hostname="BlackHole" failures="0" tests="1" name="testng_first.Test_class" time="0.003" errors="0" timestamp="2022-11-15T18:18:32 EET" skipped="0">
  <testcase classname="testng_first.Test_class" name="The_titleTest" time="0.003"/>
  <system-out/>
</testsuite> <!-- testng_first.Test_class -->
